<?xml version="1.0" encoding="UTF-8"?>
<!-- Generated by org.testng.reporters.JUnitReportReporter -->
<testsuite hostname="DESKTOP-F4STIUA" failures="0" tests="1" name="testCases.TC002_LoginTest" time="3.557" errors="0" timestamp="2025-06-12T22:48:09 IST" skipped="0">
  <testcase classname="testCases.TC002_LoginTest" name="verify_login" time="3.557"/>
</testsuite> <!-- testCases.TC002_LoginTest -->
