<?xml version="1.0" encoding="UTF-8"?>
<!-- Generated by org.testng.reporters.JUnitReportReporter -->
<testsuite hostname="DESKTOP-F4STIUA" failures="0" tests="1" name="testCases.TC002_LoginTest" time="2.543" errors="0" timestamp="2025-03-12T20:10:08 IST" skipped="0">
  <testcase classname="testCases.TC002_LoginTest" name="verify_login" time="2.543"/>
</testsuite> <!-- testCases.TC002_LoginTest -->
